2021-07-10 17:15:34.0708|0|Carservice.Application.Program|INFO|Starting application 
2021-07-10 17:15:34.1055|0|Carservice.Application.Program|INFO|FooService first run 
2021-07-10 17:15:34.1071|0|Carservice.Services.FooService|INFO|Doing some File Utils tests on server powerhost! 
2021-07-10 17:15:34.1071|0|Carservice.Services.FooService|INFO|Current working directory: /workspace/dotnet-samples 
2021-07-10 17:15:34.1108|0|Carservice.Services.FooService|INFO|=== Reading file /etc/hosts ===
# Kubernetes-managed hosts file.
127.0.0.1	localhost
::1	localhost ip6-localhost ip6-loopback
fe00::0	ip6-localnet
fe00::0	ip6-mcastprefix
fe00::1	ip6-allnodes
fe00::2	ip6-allrouters
10.124.15.72	ws-2c8de787-8141-45e7-8816-4c79da7bb54d
=== EOF ===
 
2021-07-10 17:15:34.1251|0|Carservice.Services.FooService|INFO|BBNR 12345678. GTS-NR 01-111. GTS-NAME GTSTest-111. BBNR-WH 12345678.
BBNR 12345678. GTS-NR 01-222. GTS-NAME Gefahrtarifstelle-222. BBNR-WH 12345678.
BBNR 12345678. GTS-NR 01-AAA. GTS-NAME Gefahrtarifstelle-AAA. BBNR-WH 12345678.
 
2021-07-10 17:15:34.1251|0|Carservice.Services.FooService|INFO|Doing some Regex tests on server powerhost! 
2021-07-10 17:15:34.1303|0|Carservice.Services.FooService|INFO|Regex match K4B.W11.PRUEFLST,T171001 
2021-07-10 17:15:34.1306|0|Carservice.Services.FooService|INFO|Regex group lauf W11 dsn PRUEFLST 
2021-07-10 17:15:34.1306|0|Carservice.Services.FooService|INFO|Regex match K4B.W11.LASER0,T171001 
2021-07-10 17:15:34.1306|0|Carservice.Services.FooService|INFO|Regex group lauf W11 dsn LASER0 
2021-07-10 17:15:34.1306|0|Carservice.Services.FooService|INFO|Regex match K4B.W21.PRUEFLST,T171001 
2021-07-10 17:15:34.1306|0|Carservice.Services.FooService|INFO|Regex group lauf W21 dsn PRUEFLST 
2021-07-10 17:15:34.1306|0|Carservice.Services.FooService|INFO|Dispose on FooService. 
2021-07-10 17:15:34.1306|0|Carservice.Application.Program|INFO|FooService second run 
2021-07-10 17:15:34.1306|0|Carservice.Services.FooService|INFO|Doing some File Utils tests on server powerhost! 
2021-07-10 17:15:34.1306|0|Carservice.Services.FooService|INFO|Current working directory: /workspace/dotnet-samples 
2021-07-10 17:15:34.1306|0|Carservice.Services.FooService|INFO|=== Reading file /etc/hosts ===
# Kubernetes-managed hosts file.
127.0.0.1	localhost
::1	localhost ip6-localhost ip6-loopback
fe00::0	ip6-localnet
fe00::0	ip6-mcastprefix
fe00::1	ip6-allnodes
fe00::2	ip6-allrouters
10.124.15.72	ws-2c8de787-8141-45e7-8816-4c79da7bb54d
=== EOF ===
 
2021-07-10 17:15:34.1306|0|Carservice.Services.FooService|INFO|BBNR 12345678. GTS-NR 01-111. GTS-NAME GTSTest-111. BBNR-WH 12345678.
BBNR 12345678. GTS-NR 01-222. GTS-NAME Gefahrtarifstelle-222. BBNR-WH 12345678.
BBNR 12345678. GTS-NR 01-AAA. GTS-NAME Gefahrtarifstelle-AAA. BBNR-WH 12345678.
 
2021-07-10 17:15:34.1306|0|Carservice.Services.FooService|INFO|Doing some Regex tests on server powerhost! 
2021-07-10 17:15:34.1306|0|Carservice.Services.FooService|INFO|Regex match K4B.W11.PRUEFLST,T171001 
2021-07-10 17:15:34.1306|0|Carservice.Services.FooService|INFO|Regex group lauf W11 dsn PRUEFLST 
2021-07-10 17:15:34.1306|0|Carservice.Services.FooService|INFO|Regex match K4B.W11.LASER0,T171001 
2021-07-10 17:15:34.1306|0|Carservice.Services.FooService|INFO|Regex group lauf W11 dsn LASER0 
2021-07-10 17:15:34.1306|0|Carservice.Services.FooService|INFO|Regex match K4B.W21.PRUEFLST,T171001 
2021-07-10 17:15:34.1306|0|Carservice.Services.FooService|INFO|Regex group lauf W21 dsn PRUEFLST 
2021-07-10 17:15:34.1306|0|Carservice.Services.FooService|INFO|Dispose on FooService. 
2021-07-10 17:15:34.1366|0|Carservice.Services.CarService|INFO|Creating carport test on server powerhost! 
2021-07-10 17:15:34.1366|0|Carservice.Services.CarService|INFO|Selling car test on server powerhost! 
2021-07-10 17:15:34.1386|0|Carservice.Services.CarService|INFO|Listing carport test on server powerhost! 
2021-07-10 17:15:34.1386|0|Carservice.Application.Program|INFO|DataSet <CarDataSet>
  <Car>
    <Id>1</Id>
    <Model>Golf</Model>
    <Vendor>VW</Vendor>
    <Owner>Mike Coley</Owner>
  </Car>
  <Car>
    <Id>2</Id>
    <Model>Aygo</Model>
    <Vendor>Toyota</Vendor>
    <Owner>unkown</Owner>
  </Car>
</CarDataSet> 
2021-07-10 17:15:34.1425|0|Carservice.Services.CarService|INFO|Dispose on CarService. 
2021-07-10 17:15:34.1425|0|Carservice.Application.Program|INFO|Finishing application 
